Using pre-set license
Built from '2020.3/staging' branch; Version is '2020.3.17f1 (a4537701e4ab) revision 10769271'; Using compiler version '192528614'; Build Type 'Release'
OS: 'Windows 10 Pro; OS build 19044.1826; Version 2009; 64bit' Language: 'ru' Physical Memory: 16339 MB
BatchMode: 1, IsHumanControllingUs: 0, StartBugReporterOnCrash: 0, Is64bit: 1, IsPro: 0

COMMAND LINE ARGUMENTS:
C:\Unity\Installs\2020.3.17f1\Editor\Unity.exe
-adb2
-batchMode
-noUpm
-name
AssetImportWorker0
-projectPath
C:/Unity/UnityProjects/StarshipsShooter
-logFile
Logs/AssetImportWorker0.log
-srvPort
58998
Successfully changed project path to: C:/Unity/UnityProjects/StarshipsShooter
C:/Unity/UnityProjects/StarshipsShooter
Using Asset Import Pipeline V2.
Refreshing native plugins compatible for Editor in 58.28 ms, found 2 plugins.
Preloading 0 native plugins for Editor in 0.00 ms.
Initialize engine version: 2020.3.17f1 (a4537701e4ab)
[Subsystems] Discovering subsystems at path C:/Unity/Installs/2020.3.17f1/Editor/Data/Resources/UnitySubsystems
[Subsystems] Discovering subsystems at path C:/Unity/UnityProjects/StarshipsShooter/Assets
GfxDevice: creating device client; threaded=0
Direct3D:
    Version:  Direct3D 11.0 [level 11.1]
    Renderer: NVIDIA GeForce GTX 1060 6GB (ID=0x1c03)
    Vendor:   
    VRAM:     6052 MB
    Driver:   27.21.14.6140
Initialize mono
Mono path[0] = 'C:/Unity/Installs/2020.3.17f1/Editor/Data/Managed'
Mono path[1] = 'C:/Unity/Installs/2020.3.17f1/Editor/Data/MonoBleedingEdge/lib/mono/unityjit'
Mono config path = 'C:/Unity/Installs/2020.3.17f1/Editor/Data/MonoBleedingEdge/etc'
Using monoOptions --debugger-agent=transport=dt_socket,embedding=1,server=y,suspend=n,address=127.0.0.1:56636
Begin MonoManager ReloadAssembly
Registering precompiled unity dll's ...
Register platform support module: C:/Unity/Installs/2020.3.17f1/Editor/Data/PlaybackEngines/WebGLSupport/UnityEditor.WebGL.Extensions.dll
Register platform support module: C:/Unity/Installs/2020.3.17f1/Editor/Data/PlaybackEngines/MacStandaloneSupport/UnityEditor.OSXStandalone.Extensions.dll
Register platform support module: C:/Unity/Installs/2020.3.17f1/Editor/Data/PlaybackEngines/WindowsStandaloneSupport/UnityEditor.WindowsStandalone.Extensions.dll
Register platform support module: C:/Unity/Installs/2020.3.17f1/Editor/Data/PlaybackEngines/LinuxStandaloneSupport/UnityEditor.LinuxStandalone.Extensions.dll
Register platform support module: C:/Unity/Installs/2020.3.17f1/Editor/Data/PlaybackEngines/LuminSupport/UnityEditor.Lumin.Extensions.dll
Registered in 0.006545 seconds.
Native extension for Lumin target not found
Native extension for LinuxStandalone target not found
Native extension for WindowsStandalone target not found
Native extension for OSXStandalone target not found
Native extension for WebGL target not found
Refreshing native plugins compatible for Editor in 43.83 ms, found 2 plugins.
Preloading 0 native plugins for Editor in 0.00 ms.
Mono: successfully reloaded assembly
- Completed reload, in  2.488 seconds
Domain Reload Profiling:
	ReloadAssembly (2488ms)
		BeginReloadAssembly (60ms)
			ExecutionOrderSort (0ms)
			DisableScriptedObjects (0ms)
			BackupInstance (0ms)
			ReleaseScriptingObjects (0ms)
			CreateAndSetChildDomain (1ms)
		EndReloadAssembly (446ms)
			LoadAssemblies (60ms)
			RebuildTransferFunctionScriptingTraits (0ms)
			SetupTypeCache (162ms)
			ReleaseScriptCaches (0ms)
			RebuildScriptCaches (32ms)
			SetupLoadedEditorAssemblies (177ms)
				LogAssemblyErrors (0ms)
				InitializePlatformSupportModulesInManaged (8ms)
				SetLoadedEditorAssemblies (0ms)
				RefreshPlugins (44ms)
				BeforeProcessingInitializeOnLoad (16ms)
				ProcessInitializeOnLoadAttributes (82ms)
				ProcessInitializeOnLoadMethodAttributes (28ms)
				AfterProcessingInitializeOnLoad (0ms)
				EditorAssembliesLoaded (0ms)
			ExecutionOrderSort2 (0ms)
			AwakeInstancesAfterBackupRestoration (0ms)
Platform modules already initialized, skipping
Registering precompiled user dll's ...
Registered in 0.013419 seconds.
Begin MonoManager ReloadAssembly
Native extension for Lumin target not found
Native extension for LinuxStandalone target not found
Native extension for WindowsStandalone target not found
Native extension for OSXStandalone target not found
Native extension for WebGL target not found
Refreshing native plugins compatible for Editor in 0.49 ms, found 2 plugins.
Preloading 0 native plugins for Editor in 0.00 ms.
Mono: successfully reloaded assembly
- Completed reload, in  1.131 seconds
Domain Reload Profiling:
	ReloadAssembly (1131ms)
		BeginReloadAssembly (148ms)
			ExecutionOrderSort (0ms)
			DisableScriptedObjects (4ms)
			BackupInstance (0ms)
			ReleaseScriptingObjects (0ms)
			CreateAndSetChildDomain (19ms)
		EndReloadAssembly (916ms)
			LoadAssemblies (103ms)
			RebuildTransferFunctionScriptingTraits (0ms)
			SetupTypeCache (281ms)
			ReleaseScriptCaches (0ms)
			RebuildScriptCaches (47ms)
			SetupLoadedEditorAssemblies (389ms)
				LogAssemblyErrors (0ms)
				InitializePlatformSupportModulesInManaged (9ms)
				SetLoadedEditorAssemblies (0ms)
				RefreshPlugins (1ms)
				BeforeProcessingInitializeOnLoad (86ms)
				ProcessInitializeOnLoadAttributes (281ms)
				ProcessInitializeOnLoadMethodAttributes (4ms)
				AfterProcessingInitializeOnLoad (8ms)
				EditorAssembliesLoaded (0ms)
			ExecutionOrderSort2 (0ms)
			AwakeInstancesAfterBackupRestoration (6ms)
Platform modules already initialized, skipping
========================================================================
Worker process is ready to serve import requests
Launched and connected shader compiler UnityShaderCompiler.exe after 0.05 seconds
Refreshing native plugins compatible for Editor in 0.51 ms, found 2 plugins.
Preloading 0 native plugins for Editor in 0.00 ms.
Unloading 1577 Unused Serialized files (Serialized files now loaded: 0)
System memory in use before: 85.0 MB.
System memory in use after: 85.1 MB.

Unloading 40 unused Assets to reduce memory usage. Loaded Objects now: 2022.
Total: 2.814500 ms (FindLiveObjects: 0.149600 ms CreateObjectMapping: 0.047300 ms MarkObjects: 2.496200 ms  DeleteObjects: 0.120100 ms)

AssetImportParameters requested are different than current active one (requested -> active):
  custom:framework-win-MediaFoundation: 216162199b28c13a410421893ffa2e32 -> 
  custom:video-decoder-ogg-theora: a1e56fd34408186e4bbccfd4996cb3dc -> 
  custom:container-muxer-webm: aa71ff27fc2769a1b78a27578f13a17b -> 
  custom:container-demuxer-webm: 4f35f7cbe854078d1ac9338744f61a02 -> 
  custom:container-demuxer-ogg: 62fdf1f143b41e24485cea50d1cbac27 -> 
  custom:video-encoder-webm-vp8: eb34c28f22e8b96e1ab97ce403110664 -> 
  custom:video-decoder-webm-vp8: 9c59270c3fd7afecdb556c50c9e8de78 -> 
  custom:audio-decoder-ogg-vorbis: bf7c407c2cedff20999df2af8eb42d56 -> 
  custom:audio-encoder-webm-vorbis: bf7c407c2cedff20999df2af8eb42d56 -> 
========================================================================
Received Import Request.
  path: Assets/Scenes/level3.unity
  artifactKey: Guid(bc8cd34d3add636479c4a0f8aff6b1c3) Importer(815301076,1909f56bfc062723c751e8b465ee728b)
Start importing Assets/Scenes/level3.unity using Guid(bc8cd34d3add636479c4a0f8aff6b1c3) Importer(815301076,1909f56bfc062723c751e8b465ee728b)  -> (artifact id: 'b7936e90b1a9ff60a1ab5e953f78482d') in 0.013378 seconds 
  Import took 0.016179 seconds .

========================================================================
Received Import Request.
  Time since last request: 250.019015 seconds.
  path: Assets/Scenes/level1.unity
  artifactKey: Guid(9fc0d4010bbf28b4594072e72b8655ab) Importer(815301076,1909f56bfc062723c751e8b465ee728b)
Start importing Assets/Scenes/level1.unity using Guid(9fc0d4010bbf28b4594072e72b8655ab) Importer(815301076,1909f56bfc062723c751e8b465ee728b)  -> (artifact id: '333d602a952b8ee9765254b51b7eefe1') in 0.004929 seconds 
  Import took 0.008581 seconds .

========================================================================
Received Import Request.
  Time since last request: 10.582447 seconds.
  path: Assets/Scenes/level3.unity
  artifactKey: Guid(bc8cd34d3add636479c4a0f8aff6b1c3) Importer(815301076,1909f56bfc062723c751e8b465ee728b)
Start importing Assets/Scenes/level3.unity using Guid(bc8cd34d3add636479c4a0f8aff6b1c3) Importer(815301076,1909f56bfc062723c751e8b465ee728b)  -> (artifact id: 'b8201e8a15735f79a956c1f0227cdacd') in 0.003869 seconds 
  Import took 0.007057 seconds .

========================================================================
Received Import Request.
  Time since last request: 277.388276 seconds.
  path: Assets/Resources/Script/CameraMovement.cs
  artifactKey: Guid(cd1e36612a3ecac42a007888d23a7221) Importer(815301076,1909f56bfc062723c751e8b465ee728b)
Start importing Assets/Resources/Script/CameraMovement.cs using Guid(cd1e36612a3ecac42a007888d23a7221) Importer(815301076,1909f56bfc062723c751e8b465ee728b)  -> (artifact id: 'd90ed577d2ba9191b96195b7f78802e3') in 0.040144 seconds 
  Import took 0.043095 seconds .

========================================================================
Received Prepare
Registering precompiled user dll's ...
Registered in 0.008155 seconds.
Begin MonoManager ReloadAssembly
Native extension for Lumin target not found
Native extension for LinuxStandalone target not found
Native extension for WindowsStandalone target not found
Native extension for OSXStandalone target not found
Native extension for WebGL target not found
Refreshing native plugins compatible for Editor in 0.51 ms, found 2 plugins.
Preloading 0 native plugins for Editor in 0.00 ms.
Mono: successfully reloaded assembly
- Completed reload, in  1.192 seconds
Domain Reload Profiling:
	ReloadAssembly (1193ms)
		BeginReloadAssembly (151ms)
			ExecutionOrderSort (0ms)
			DisableScriptedObjects (5ms)
			BackupInstance (0ms)
			ReleaseScriptingObjects (0ms)
			CreateAndSetChildDomain (66ms)
		EndReloadAssembly (960ms)
			LoadAssemblies (117ms)
			RebuildTransferFunctionScriptingTraits (0ms)
			SetupTypeCache (299ms)
			ReleaseScriptCaches (1ms)
			RebuildScriptCaches (41ms)
			SetupLoadedEditorAssemblies (387ms)
				LogAssemblyErrors (0ms)
				InitializePlatformSupportModulesInManaged (10ms)
				SetLoadedEditorAssemblies (0ms)
				RefreshPlugins (1ms)
				BeforeProcessingInitializeOnLoad (87ms)
				ProcessInitializeOnLoadAttributes (276ms)
				ProcessInitializeOnLoadMethodAttributes (4ms)
				AfterProcessingInitializeOnLoad (8ms)
				EditorAssembliesLoaded (0ms)
			ExecutionOrderSort2 (0ms)
			AwakeInstancesAfterBackupRestoration (7ms)
Platform modules already initialized, skipping
Switching build target platform(19) subTarget(0) extendedPlatform(0) -> platform(13) subTarget(537395200) extendedPlatform(0)
Refreshing native plugins compatible for Editor in 0.49 ms, found 2 plugins.
Preloading 0 native plugins for Editor in 0.00 ms.
Unloading 1574 Unused Serialized files (Serialized files now loaded: 0)
System memory in use before: 84.7 MB.
System memory in use after: 84.8 MB.

Unloading 35 unused Assets to reduce memory usage. Loaded Objects now: 2024.
Total: 3.090100 ms (FindLiveObjects: 0.199500 ms CreateObjectMapping: 0.054200 ms MarkObjects: 2.788100 ms  DeleteObjects: 0.047100 ms)

AssetImportParameters requested are different than current active one (requested -> active):
  custom:framework-win-MediaFoundation: 216162199b28c13a410421893ffa2e32 -> 
  custom:video-decoder-ogg-theora: a1e56fd34408186e4bbccfd4996cb3dc -> 
  custom:container-muxer-webm: aa71ff27fc2769a1b78a27578f13a17b -> 
  custom:container-demuxer-webm: 4f35f7cbe854078d1ac9338744f61a02 -> 
  custom:container-demuxer-ogg: 62fdf1f143b41e24485cea50d1cbac27 -> 
  custom:video-encoder-webm-vp8: eb34c28f22e8b96e1ab97ce403110664 -> 
  custom:video-decoder-webm-vp8: 9c59270c3fd7afecdb556c50c9e8de78 -> 
  custom:graphics/normal-map-encoding: 01000000000000000000000000000000 -> 02000000000000000000000000000000
  custom:audio-decoder-ogg-vorbis: bf7c407c2cedff20999df2af8eb42d56 -> 
  custom:audio-encoder-webm-vorbis: bf7c407c2cedff20999df2af8eb42d56 -> 
========================================================================
Received Import Request.
  Time since last request: 228.303507 seconds.
  path: Assets/Resources/Script/GameManager.cs
  artifactKey: Guid(9302fedb2682b6946a3a9b1797540a88) Importer(815301076,1909f56bfc062723c751e8b465ee728b)
Start importing Assets/Resources/Script/GameManager.cs using Guid(9302fedb2682b6946a3a9b1797540a88) Importer(815301076,1909f56bfc062723c751e8b465ee728b)  -> (artifact id: '318ac897e78e7ca93f06b216433dcc4f') in 0.006140 seconds 
  Import took 0.008925 seconds .

========================================================================
Received Import Request.
  Time since last request: 129.088830 seconds.
  path: Assets/Resources/Script/Player/Player.cs
  artifactKey: Guid(ed4c34526185cf74ea0701e65c353a09) Importer(815301076,1909f56bfc062723c751e8b465ee728b)
Start importing Assets/Resources/Script/Player/Player.cs using Guid(ed4c34526185cf74ea0701e65c353a09) Importer(815301076,1909f56bfc062723c751e8b465ee728b)  -> (artifact id: 'b0347faed3c3852c93926f2452afcf1e') in 0.003467 seconds 
  Import took 0.006631 seconds .

========================================================================
Received Prepare
Registering precompiled user dll's ...
Registered in 0.010051 seconds.
Begin MonoManager ReloadAssembly
Native extension for Lumin target not found
Native extension for LinuxStandalone target not found
Native extension for WindowsStandalone target not found
Native extension for OSXStandalone target not found
Native extension for WebGL target not found
Refreshing native plugins compatible for Editor in 0.65 ms, found 2 plugins.
Preloading 0 native plugins for Editor in 0.00 ms.
Mono: successfully reloaded assembly
- Completed reload, in  1.199 seconds
Domain Reload Profiling:
	ReloadAssembly (1199ms)
		BeginReloadAssembly (127ms)
			ExecutionOrderSort (0ms)
			DisableScriptedObjects (5ms)
			BackupInstance (0ms)
			ReleaseScriptingObjects (0ms)
			CreateAndSetChildDomain (34ms)
		EndReloadAssembly (993ms)
			LoadAssemblies (109ms)
			RebuildTransferFunctionScriptingTraits (0ms)
			SetupTypeCache (308ms)
			ReleaseScriptCaches (1ms)
			RebuildScriptCaches (41ms)
			SetupLoadedEditorAssemblies (407ms)
				LogAssemblyErrors (0ms)
				InitializePlatformSupportModulesInManaged (10ms)
				SetLoadedEditorAssemblies (1ms)
				RefreshPlugins (1ms)
				BeforeProcessingInitializeOnLoad (90ms)
				ProcessInitializeOnLoadAttributes (294ms)
				ProcessInitializeOnLoadMethodAttributes (4ms)
				AfterProcessingInitializeOnLoad (8ms)
				EditorAssembliesLoaded (0ms)
			ExecutionOrderSort2 (0ms)
			AwakeInstancesAfterBackupRestoration (7ms)
Platform modules already initialized, skipping
Switching build target platform(19) subTarget(0) extendedPlatform(0) -> platform(13) subTarget(537395200) extendedPlatform(0)
Refreshing native plugins compatible for Editor in 0.50 ms, found 2 plugins.
Preloading 0 native plugins for Editor in 0.00 ms.
Unloading 1574 Unused Serialized files (Serialized files now loaded: 0)
System memory in use before: 84.7 MB.
System memory in use after: 84.8 MB.

Unloading 35 unused Assets to reduce memory usage. Loaded Objects now: 2026.
Total: 2.944400 ms (FindLiveObjects: 0.152300 ms CreateObjectMapping: 0.049600 ms MarkObjects: 2.702300 ms  DeleteObjects: 0.038800 ms)

AssetImportParameters requested are different than current active one (requested -> active):
  custom:framework-win-MediaFoundation: 216162199b28c13a410421893ffa2e32 -> 
  custom:video-decoder-ogg-theora: a1e56fd34408186e4bbccfd4996cb3dc -> 
  custom:container-muxer-webm: aa71ff27fc2769a1b78a27578f13a17b -> 
  custom:container-demuxer-webm: 4f35f7cbe854078d1ac9338744f61a02 -> 
  custom:container-demuxer-ogg: 62fdf1f143b41e24485cea50d1cbac27 -> 
  custom:video-encoder-webm-vp8: eb34c28f22e8b96e1ab97ce403110664 -> 
  custom:video-decoder-webm-vp8: 9c59270c3fd7afecdb556c50c9e8de78 -> 
  custom:graphics/normal-map-encoding: 01000000000000000000000000000000 -> 02000000000000000000000000000000
  custom:audio-decoder-ogg-vorbis: bf7c407c2cedff20999df2af8eb42d56 -> 
  custom:audio-encoder-webm-vorbis: bf7c407c2cedff20999df2af8eb42d56 -> 
========================================================================
Received Import Request.
  Time since last request: 1164.539832 seconds.
  path: Assets/Resources/Script/Player/Player.cs
  artifactKey: Guid(ed4c34526185cf74ea0701e65c353a09) Importer(815301076,1909f56bfc062723c751e8b465ee728b)
Start importing Assets/Resources/Script/Player/Player.cs using Guid(ed4c34526185cf74ea0701e65c353a09) Importer(815301076,1909f56bfc062723c751e8b465ee728b)  -> (artifact id: 'dba7a2f7e41afe8d41f59476ee214cd7') in 0.004615 seconds 
  Import took 0.007606 seconds .

========================================================================
Received Prepare
Registering precompiled user dll's ...
Registered in 0.008475 seconds.
Begin MonoManager ReloadAssembly
Native extension for Lumin target not found
Native extension for LinuxStandalone target not found
Native extension for WindowsStandalone target not found
Native extension for OSXStandalone target not found
Native extension for WebGL target not found
Refreshing native plugins compatible for Editor in 0.62 ms, found 2 plugins.
Preloading 0 native plugins for Editor in 0.00 ms.
Mono: successfully reloaded assembly
- Completed reload, in  1.165 seconds
Domain Reload Profiling:
	ReloadAssembly (1165ms)
		BeginReloadAssembly (132ms)
			ExecutionOrderSort (0ms)
			DisableScriptedObjects (5ms)
			BackupInstance (0ms)
			ReleaseScriptingObjects (0ms)
			CreateAndSetChildDomain (36ms)
		EndReloadAssembly (962ms)
			LoadAssemblies (99ms)
			RebuildTransferFunctionScriptingTraits (0ms)
			SetupTypeCache (285ms)
			ReleaseScriptCaches (1ms)
			RebuildScriptCaches (47ms)
			SetupLoadedEditorAssemblies (392ms)
				LogAssemblyErrors (0ms)
				InitializePlatformSupportModulesInManaged (9ms)
				SetLoadedEditorAssemblies (1ms)
				RefreshPlugins (1ms)
				BeforeProcessingInitializeOnLoad (83ms)
				ProcessInitializeOnLoadAttributes (286ms)
				ProcessInitializeOnLoadMethodAttributes (4ms)
				AfterProcessingInitializeOnLoad (9ms)
				EditorAssembliesLoaded (0ms)
			ExecutionOrderSort2 (0ms)
			AwakeInstancesAfterBackupRestoration (7ms)
Platform modules already initialized, skipping
Switching build target platform(19) subTarget(0) extendedPlatform(0) -> platform(13) subTarget(537395200) extendedPlatform(0)
Refreshing native plugins compatible for Editor in 0.57 ms, found 2 plugins.
Preloading 0 native plugins for Editor in 0.00 ms.
Unloading 1574 Unused Serialized files (Serialized files now loaded: 0)
System memory in use before: 84.7 MB.
System memory in use after: 84.9 MB.

Unloading 35 unused Assets to reduce memory usage. Loaded Objects now: 2028.
Total: 3.239400 ms (FindLiveObjects: 0.148900 ms CreateObjectMapping: 0.050200 ms MarkObjects: 2.989300 ms  DeleteObjects: 0.049800 ms)

AssetImportParameters requested are different than current active one (requested -> active):
  custom:framework-win-MediaFoundation: 216162199b28c13a410421893ffa2e32 -> 
  custom:video-decoder-ogg-theora: a1e56fd34408186e4bbccfd4996cb3dc -> 
  custom:container-muxer-webm: aa71ff27fc2769a1b78a27578f13a17b -> 
  custom:container-demuxer-webm: 4f35f7cbe854078d1ac9338744f61a02 -> 
  custom:container-demuxer-ogg: 62fdf1f143b41e24485cea50d1cbac27 -> 
  custom:video-encoder-webm-vp8: eb34c28f22e8b96e1ab97ce403110664 -> 
  custom:video-decoder-webm-vp8: 9c59270c3fd7afecdb556c50c9e8de78 -> 
  custom:graphics/normal-map-encoding: 01000000000000000000000000000000 -> 02000000000000000000000000000000
  custom:audio-decoder-ogg-vorbis: bf7c407c2cedff20999df2af8eb42d56 -> 
  custom:audio-encoder-webm-vorbis: bf7c407c2cedff20999df2af8eb42d56 -> 
========================================================================
Received Import Request.
  Time since last request: 199.639537 seconds.
  path: Assets/Scenes/bootUp
  artifactKey: Guid(b801c8366f5ce0746a15b9f561c0893b) Importer(815301076,1909f56bfc062723c751e8b465ee728b)
Start importing Assets/Scenes/bootUp using Guid(b801c8366f5ce0746a15b9f561c0893b) Importer(815301076,1909f56bfc062723c751e8b465ee728b)  -> (artifact id: 'aabd612e596f2af17b4bc2bc12624591') in 0.007081 seconds 
  Import took 0.010461 seconds .

========================================================================
Received Import Request.
  Time since last request: 0.005683 seconds.
  path: Assets/Scenes/bootUp
  artifactKey: Guid(b801c8366f5ce0746a15b9f561c0893b) Importer(815301076,1909f56bfc062723c751e8b465ee728b)
Start importing Assets/Scenes/bootUp using Guid(b801c8366f5ce0746a15b9f561c0893b) Importer(815301076,1909f56bfc062723c751e8b465ee728b)  -> (artifact id: 'aabd612e596f2af17b4bc2bc12624591') in 0.003518 seconds 
  Import took 0.006377 seconds .

========================================================================
Received Import Request.
  Time since last request: 2.612871 seconds.
  path: Assets/Scenes/bootUp.unity
  artifactKey: Guid(db2b26952025ca6429dcba297ec61ecb) Importer(815301076,1909f56bfc062723c751e8b465ee728b)
Start importing Assets/Scenes/bootUp.unity using Guid(db2b26952025ca6429dcba297ec61ecb) Importer(815301076,1909f56bfc062723c751e8b465ee728b)  -> (artifact id: '732f1423dea3af01cae10939380d4d90') in 0.014670 seconds 
  Import took 0.017951 seconds .

========================================================================
Received Import Request.
  Time since last request: 63.722036 seconds.
  path: Assets/Scenes/level3.unity
  artifactKey: Guid(bc8cd34d3add636479c4a0f8aff6b1c3) Importer(815301076,1909f56bfc062723c751e8b465ee728b)
Start importing Assets/Scenes/level3.unity using Guid(bc8cd34d3add636479c4a0f8aff6b1c3) Importer(815301076,1909f56bfc062723c751e8b465ee728b)  -> (artifact id: '610c2ad4947c380ebc9a7f40c1dd5db6') in 0.008517 seconds 
  Import took 0.011297 seconds .

========================================================================
Received Prepare
Registering precompiled user dll's ...
Registered in 0.008629 seconds.
Begin MonoManager ReloadAssembly
Native extension for Lumin target not found
Native extension for LinuxStandalone target not found
Native extension for WindowsStandalone target not found
Native extension for OSXStandalone target not found
Native extension for WebGL target not found
Refreshing native plugins compatible for Editor in 0.51 ms, found 2 plugins.
Preloading 0 native plugins for Editor in 0.00 ms.
Mono: successfully reloaded assembly
- Completed reload, in  1.086 seconds
Domain Reload Profiling:
	ReloadAssembly (1086ms)
		BeginReloadAssembly (118ms)
			ExecutionOrderSort (0ms)
			DisableScriptedObjects (4ms)
			BackupInstance (0ms)
			ReleaseScriptingObjects (0ms)
			CreateAndSetChildDomain (31ms)
		EndReloadAssembly (904ms)
			LoadAssemblies (90ms)
			RebuildTransferFunctionScriptingTraits (0ms)
			SetupTypeCache (283ms)
			ReleaseScriptCaches (1ms)
			RebuildScriptCaches (37ms)
			SetupLoadedEditorAssemblies (361ms)
				LogAssemblyErrors (0ms)
				InitializePlatformSupportModulesInManaged (8ms)
				SetLoadedEditorAssemblies (1ms)
				RefreshPlugins (1ms)
				BeforeProcessingInitializeOnLoad (83ms)
				ProcessInitializeOnLoadAttributes (257ms)
				ProcessInitializeOnLoadMethodAttributes (3ms)
				AfterProcessingInitializeOnLoad (8ms)
				EditorAssembliesLoaded (0ms)
			ExecutionOrderSort2 (0ms)
			AwakeInstancesAfterBackupRestoration (7ms)
Platform modules already initialized, skipping
Switching build target platform(19) subTarget(0) extendedPlatform(0) -> platform(13) subTarget(537395200) extendedPlatform(0)
Refreshing native plugins compatible for Editor in 0.49 ms, found 2 plugins.
Preloading 0 native plugins for Editor in 0.00 ms.
Unloading 1574 Unused Serialized files (Serialized files now loaded: 0)
System memory in use before: 84.8 MB.
System memory in use after: 84.9 MB.

Unloading 35 unused Assets to reduce memory usage. Loaded Objects now: 2030.
Total: 3.062200 ms (FindLiveObjects: 0.147900 ms CreateObjectMapping: 0.051700 ms MarkObjects: 2.809800 ms  DeleteObjects: 0.051500 ms)

AssetImportParameters requested are different than current active one (requested -> active):
  custom:framework-win-MediaFoundation: 216162199b28c13a410421893ffa2e32 -> 
  custom:video-decoder-ogg-theora: a1e56fd34408186e4bbccfd4996cb3dc -> 
  custom:container-muxer-webm: aa71ff27fc2769a1b78a27578f13a17b -> 
  custom:container-demuxer-webm: 4f35f7cbe854078d1ac9338744f61a02 -> 
  custom:container-demuxer-ogg: 62fdf1f143b41e24485cea50d1cbac27 -> 
  custom:video-encoder-webm-vp8: eb34c28f22e8b96e1ab97ce403110664 -> 
  custom:video-decoder-webm-vp8: 9c59270c3fd7afecdb556c50c9e8de78 -> 
  custom:graphics/normal-map-encoding: 01000000000000000000000000000000 -> 02000000000000000000000000000000
  custom:audio-decoder-ogg-vorbis: bf7c407c2cedff20999df2af8eb42d56 -> 
  custom:audio-encoder-webm-vorbis: bf7c407c2cedff20999df2af8eb42d56 -> 
========================================================================
Received Prepare
Registering precompiled user dll's ...
Registered in 0.009570 seconds.
Begin MonoManager ReloadAssembly
Native extension for Lumin target not found
Native extension for LinuxStandalone target not found
Native extension for WindowsStandalone target not found
Native extension for OSXStandalone target not found
Native extension for WebGL target not found
Refreshing native plugins compatible for Editor in 0.80 ms, found 2 plugins.
Preloading 0 native plugins for Editor in 0.00 ms.
Mono: successfully reloaded assembly
- Completed reload, in  1.177 seconds
Domain Reload Profiling:
	ReloadAssembly (1177ms)
		BeginReloadAssembly (128ms)
			ExecutionOrderSort (0ms)
			DisableScriptedObjects (5ms)
			BackupInstance (0ms)
			ReleaseScriptingObjects (0ms)
			CreateAndSetChildDomain (35ms)
		EndReloadAssembly (975ms)
			LoadAssemblies (107ms)
			RebuildTransferFunctionScriptingTraits (0ms)
			SetupTypeCache (319ms)
			ReleaseScriptCaches (1ms)
			RebuildScriptCaches (37ms)
			SetupLoadedEditorAssemblies (374ms)
				LogAssemblyErrors (0ms)
				InitializePlatformSupportModulesInManaged (9ms)
				SetLoadedEditorAssemblies (0ms)
				RefreshPlugins (1ms)
				BeforeProcessingInitializeOnLoad (82ms)
				ProcessInitializeOnLoadAttributes (270ms)
				ProcessInitializeOnLoadMethodAttributes (3ms)
				AfterProcessingInitializeOnLoad (8ms)
				EditorAssembliesLoaded (0ms)
			ExecutionOrderSort2 (0ms)
			AwakeInstancesAfterBackupRestoration (7ms)
Platform modules already initialized, skipping
Switching build target platform(19) subTarget(0) extendedPlatform(0) -> platform(13) subTarget(537395200) extendedPlatform(0)
Refreshing native plugins compatible for Editor in 0.50 ms, found 2 plugins.
Preloading 0 native plugins for Editor in 0.00 ms.
Unloading 1574 Unused Serialized files (Serialized files now loaded: 0)
System memory in use before: 84.8 MB.
System memory in use after: 84.9 MB.

Unloading 35 unused Assets to reduce memory usage. Loaded Objects now: 2032.
Total: 3.048900 ms (FindLiveObjects: 0.150800 ms CreateObjectMapping: 0.047800 ms MarkObjects: 2.799300 ms  DeleteObjects: 0.049800 ms)

AssetImportParameters requested are different than current active one (requested -> active):
  custom:framework-win-MediaFoundation: 216162199b28c13a410421893ffa2e32 -> 
  custom:video-decoder-ogg-theora: a1e56fd34408186e4bbccfd4996cb3dc -> 
  custom:container-muxer-webm: aa71ff27fc2769a1b78a27578f13a17b -> 
  custom:container-demuxer-webm: 4f35f7cbe854078d1ac9338744f61a02 -> 
  custom:container-demuxer-ogg: 62fdf1f143b41e24485cea50d1cbac27 -> 
  custom:video-encoder-webm-vp8: eb34c28f22e8b96e1ab97ce403110664 -> 
  custom:video-decoder-webm-vp8: 9c59270c3fd7afecdb556c50c9e8de78 -> 
  custom:graphics/normal-map-encoding: 01000000000000000000000000000000 -> 02000000000000000000000000000000
  custom:audio-decoder-ogg-vorbis: bf7c407c2cedff20999df2af8eb42d56 -> 
  custom:audio-encoder-webm-vorbis: bf7c407c2cedff20999df2af8eb42d56 -> 
========================================================================
Received Import Request.
  Time since last request: 7826.760316 seconds.
  path: Assets/Resources/Prefab/Enemies/enemy_flee.prefab
  artifactKey: Guid(fcf0323a9eee85841bde20841d872077) Importer(815301076,1909f56bfc062723c751e8b465ee728b)
Start importing Assets/Resources/Prefab/Enemies/enemy_flee.prefab using Guid(fcf0323a9eee85841bde20841d872077) Importer(815301076,1909f56bfc062723c751e8b465ee728b)  -> (artifact id: 'b1946db3b3979dfa851b59adb2174464') in 0.120128 seconds 
  Import took 0.123621 seconds .

========================================================================
Received Import Request.
  Time since last request: 62.778244 seconds.
  path: Assets/Resources/Model/enemy_flee.FBX
  artifactKey: Guid(edd0a87e7acc2f64a95dee2d65be1b5e) Importer(815301076,1909f56bfc062723c751e8b465ee728b)
Start importing Assets/Resources/Model/enemy_flee.FBX using Guid(edd0a87e7acc2f64a95dee2d65be1b5e) Importer(815301076,1909f56bfc062723c751e8b465ee728b)  -> (artifact id: 'de163fdb1d3c38ef93d4b2063d7c9026') in 0.124715 seconds 
  Import took 0.127901 seconds .

========================================================================
Received Import Request.
  Time since last request: 0.000267 seconds.
  path: Assets/Resources/Material/corridor.mat
  artifactKey: Guid(09045a3866d397345804b6c7249f1f3f) Importer(815301076,1909f56bfc062723c751e8b465ee728b)
Start importing Assets/Resources/Material/corridor.mat using Guid(09045a3866d397345804b6c7249f1f3f) Importer(815301076,1909f56bfc062723c751e8b465ee728b)  -> (artifact id: '9319e5b7d90b8f69ea9c3273b520bf12') in 0.022289 seconds 
  Import took 0.025074 seconds .

========================================================================
Received Import Request.
  Time since last request: 0.000258 seconds.
  path: Assets/Resources/Material/bossTurret.mat
  artifactKey: Guid(bff98289b5b3a014facd3a1f7d5b6e94) Importer(815301076,1909f56bfc062723c751e8b465ee728b)
Start importing Assets/Resources/Material/bossTurret.mat using Guid(bff98289b5b3a014facd3a1f7d5b6e94) Importer(815301076,1909f56bfc062723c751e8b465ee728b)  -> (artifact id: 'dae1f634228877781e3121bd9fa8f833') in 0.013070 seconds 
  Import took 0.015899 seconds .

========================================================================
Received Import Request.
  Time since last request: 0.000233 seconds.
  path: Assets/Resources/Model/Level3/Boss/boss_button.FBX
  artifactKey: Guid(73520afeefe49784ab391b8d61bd1f78) Importer(815301076,1909f56bfc062723c751e8b465ee728b)
Start importing Assets/Resources/Model/Level3/Boss/boss_button.FBX using Guid(73520afeefe49784ab391b8d61bd1f78) Importer(815301076,1909f56bfc062723c751e8b465ee728b)  -> (artifact id: 'b723783a46c225873f2db793b92f3c0c') in 0.024351 seconds 
  Import took 0.027511 seconds .

========================================================================
Received Import Request.
  Time since last request: 0.000287 seconds.
  path: Assets/Resources/Model/Level3/Boss/boss_turret.FBX
  artifactKey: Guid(7aae9cb658c91a74eaf960038e90faf7) Importer(815301076,1909f56bfc062723c751e8b465ee728b)
Start importing Assets/Resources/Model/Level3/Boss/boss_turret.FBX using Guid(7aae9cb658c91a74eaf960038e90faf7) Importer(815301076,1909f56bfc062723c751e8b465ee728b)  -> (artifact id: '8869220d4ec1d2b6074e20b8f8a68fa1') in 0.023353 seconds 
  Import took 0.026547 seconds .

========================================================================
Received Import Request.
  Time since last request: 0.000224 seconds.
  path: Assets/Resources/Material/bossCap.mat
  artifactKey: Guid(c60cc0eb3b5128e49ab4cc9835fc7102) Importer(815301076,1909f56bfc062723c751e8b465ee728b)
Start importing Assets/Resources/Material/bossCap.mat using Guid(c60cc0eb3b5128e49ab4cc9835fc7102) Importer(815301076,1909f56bfc062723c751e8b465ee728b)  -> (artifact id: 'c071423731fe87f5d4c0fb8304f67f8f') in 0.014279 seconds 
  Import took 0.017995 seconds .

========================================================================
Received Import Request.
  Time since last request: 0.000228 seconds.
  path: Assets/Resources/Material/bossArm.mat
  artifactKey: Guid(ee023846afab53841a40e1a1cf32e277) Importer(815301076,1909f56bfc062723c751e8b465ee728b)
Start importing Assets/Resources/Material/bossArm.mat using Guid(ee023846afab53841a40e1a1cf32e277) Importer(815301076,1909f56bfc062723c751e8b465ee728b)  -> (artifact id: '29622c6ec0abc51d1f8e2c27a0fe61d8') in 0.010581 seconds 
  Import took 0.013560 seconds .

========================================================================
Received Import Request.
  Time since last request: 0.000200 seconds.
  path: Assets/Resources/Material/brightRed.mat
  artifactKey: Guid(a950eb66042cce941befe29677aa9257) Importer(815301076,1909f56bfc062723c751e8b465ee728b)
Start importing Assets/Resources/Material/brightRed.mat using Guid(a950eb66042cce941befe29677aa9257) Importer(815301076,1909f56bfc062723c751e8b465ee728b)  -> (artifact id: '3275686e9e0ab7dfdae3c19b257d49eb') in 0.011462 seconds 
  Import took 0.014137 seconds .

========================================================================
Received Import Request.
  Time since last request: 0.000204 seconds.
  path: Assets/Resources/Model/Level3/Boss/boss_arm.FBX
  artifactKey: Guid(212071fd6c43c0447823112ac1d4f55e) Importer(815301076,1909f56bfc062723c751e8b465ee728b)
Start importing Assets/Resources/Model/Level3/Boss/boss_arm.FBX using Guid(212071fd6c43c0447823112ac1d4f55e) Importer(815301076,1909f56bfc062723c751e8b465ee728b)  -> (artifact id: '34c2eac98721b8f4690becc1895f1d41') in 0.021372 seconds 
  Import took 0.024366 seconds .

========================================================================
Received Import Request.
  Time since last request: 0.000211 seconds.
  path: Assets/Resources/Model/Level3/Boss/boss_cap.FBX
  artifactKey: Guid(0b6437f3fcf580646a3b7031f9f8c0e9) Importer(815301076,1909f56bfc062723c751e8b465ee728b)
Start importing Assets/Resources/Model/Level3/Boss/boss_cap.FBX using Guid(0b6437f3fcf580646a3b7031f9f8c0e9) Importer(815301076,1909f56bfc062723c751e8b465ee728b)  -> (artifact id: '2205a3959bcc18c98eaee3db8f7f3e4e') in 0.020692 seconds 
  Import took 0.024703 seconds .

========================================================================
Received Import Request.
  Time since last request: 0.000202 seconds.
  path: Assets/Resources/Material/bossButton.mat
  artifactKey: Guid(20661f4654163a14d924bff4525e3c53) Importer(815301076,1909f56bfc062723c751e8b465ee728b)
Start importing Assets/Resources/Material/bossButton.mat using Guid(20661f4654163a14d924bff4525e3c53) Importer(815301076,1909f56bfc062723c751e8b465ee728b)  -> (artifact id: '18fc40c6795c64e1dc97fec200ac304f') in 0.010667 seconds 
  Import took 0.013802 seconds .

========================================================================
Received Import Request.
  Time since last request: 0.000205 seconds.
  path: Assets/Resources/Material/darkRed.mat
  artifactKey: Guid(a254f8b82a4b4344fabdeac7d95be516) Importer(815301076,1909f56bfc062723c751e8b465ee728b)
Start importing Assets/Resources/Material/darkRed.mat using Guid(a254f8b82a4b4344fabdeac7d95be516) Importer(815301076,1909f56bfc062723c751e8b465ee728b)  -> (artifact id: '749fe6134adaddc13862fd1ffe51b116') in 0.013688 seconds 
  Import took 0.016801 seconds .

========================================================================
Received Import Request.
  Time since last request: 2.804344 seconds.
  path: Assets/Resources/Prefab/Enemies/enemy_flee.prefab
  artifactKey: Guid(fcf0323a9eee85841bde20841d872077) Importer(815301076,1909f56bfc062723c751e8b465ee728b)
Start importing Assets/Resources/Prefab/Enemies/enemy_flee.prefab using Guid(fcf0323a9eee85841bde20841d872077) Importer(815301076,1909f56bfc062723c751e8b465ee728b)  -> (artifact id: '052a7afb382fb627df16fb3e5608fbdd') in 0.012618 seconds 
  Import took 0.016025 seconds .

========================================================================
Received Import Request.
  Time since last request: 21.747269 seconds.
  path: Assets/Resources/Prefab/Enemies/enemy_flee.prefab
  artifactKey: Guid(fcf0323a9eee85841bde20841d872077) Importer(815301076,1909f56bfc062723c751e8b465ee728b)
Start importing Assets/Resources/Prefab/Enemies/enemy_flee.prefab using Guid(fcf0323a9eee85841bde20841d872077) Importer(815301076,1909f56bfc062723c751e8b465ee728b)  -> (artifact id: 'e789064de76dbfb9920417447892ea86') in 0.017568 seconds 
  Import took 0.021713 seconds .

========================================================================
Received Import Request.
  Time since last request: 0.578890 seconds.
  path: Assets/Resources/Prefab/Enemies/enemy_flee.prefab
  artifactKey: Guid(fcf0323a9eee85841bde20841d872077) Importer(815301076,1909f56bfc062723c751e8b465ee728b)
Start importing Assets/Resources/Prefab/Enemies/enemy_flee.prefab using Guid(fcf0323a9eee85841bde20841d872077) Importer(815301076,1909f56bfc062723c751e8b465ee728b)  -> (artifact id: 'b60cc79b532de777a5cb43c6bd0d3783') in 0.012521 seconds 
  Import took 0.016942 seconds .

========================================================================
Received Import Request.
  Time since last request: 0.802976 seconds.
  path: Assets/Resources/Prefab/Enemies/enemy_flee.prefab
  artifactKey: Guid(fcf0323a9eee85841bde20841d872077) Importer(815301076,1909f56bfc062723c751e8b465ee728b)
Start importing Assets/Resources/Prefab/Enemies/enemy_flee.prefab using Guid(fcf0323a9eee85841bde20841d872077) Importer(815301076,1909f56bfc062723c751e8b465ee728b)  -> (artifact id: '799093bf2c49240889e9f4d87d9d3d9c') in 0.012974 seconds 
  Import took 0.016643 seconds .

========================================================================
Received Import Request.
  Time since last request: 2.207992 seconds.
  path: Assets/Resources/Prefab/Enemies/enemy_flee.prefab
  artifactKey: Guid(fcf0323a9eee85841bde20841d872077) Importer(815301076,1909f56bfc062723c751e8b465ee728b)
Start importing Assets/Resources/Prefab/Enemies/enemy_flee.prefab using Guid(fcf0323a9eee85841bde20841d872077) Importer(815301076,1909f56bfc062723c751e8b465ee728b)  -> (artifact id: 'c94e61fa07826ebf3573913dcd719f95') in 0.011483 seconds 
  Import took 0.014852 seconds .

AssetImportWorkerClient::OnTransportError - code=2 error=End of file
